C51 COMPILER V9.54   MAIN                                                                  11/24/2018 23:19:10 PAGE 1   


C51 COMPILER V9.54, COMPILATION OF MODULE MAIN
OBJECT MODULE PLACED IN .\Objects\main.obj
COMPILER INVOKED BY: D:\software\Keil_v5\C51\BIN\C51.EXE main.c OPTIMIZE(8,SPEED) BROWSE DEBUG OBJECTEXTEND PRINT(.\List
                    -ings\main.lst) TABS(2) OBJECT(.\Objects\main.obj)

line level    source

   1          //****************************************************************//
   2          //           DHT11数字温湿度传感器
   3          //单片机 STC89C52RC
   4          //功能   WiFi发送温湿度数据 晶振 11.0592M 波特率 9600
   5          //硬件   P2.0口为通讯口连接DHT11,DHT11的电源和地连接单片机的电源和地
   6          //       大信物联网 https://daxiniot.taobao.com
   7          //****************************************************************//
   8          
   9          #include <reg51.h>
  10          #include <intrins.h>
  11          
  12          typedef unsigned char  U8;       /* defined for unsigned 8-bits integer variable           无符号8位
             -型变量  */
  13          typedef unsigned int   U16;      /* defined for unsigned 16-bits integer variable           无符号16位
             -整型变量 */
  14          #define uchar unsigned char
  15          #define uint unsigned int
  16          
  17          //----------------IO口定义区--------------------//
  18          sbit  P2_0  = P2^0 ;
  19          //----------------定义区--------------------//
  20          U8  U8temp;
  21          U8  humidity_H,humidity_L,temperature_H,temperature_L,checkdata;
  22          U8  str[5]= {"RS232"};
  23          
  24          /**
  25          *串口发送一个字节
  26          */
  27          void sendOneChar(uchar a)
  28          {
  29   1          SBUF = a;
  30   1          while(TI==0);
  31   1          TI=0;
  32   1      }
  33          //串口发送一个字符串
  34          void sendString(uchar *s)
  35          {
  36   1          while(*s!='\0')
  37   1          {
  38   2              sendOneChar(*s);
  39   2              s++;
  40   2          }
  41   1      
  42   1      }
  43          
  44          /**
  45          *延时函数：单位 ms
  46          */
  47          void delayms(uint x)
  48          {
  49   1          uint i,j;
  50   1          for(i=x; i>0; i--)
  51   1              for(j=110; j>0; j--);
  52   1      }
C51 COMPILER V9.54   MAIN                                                                  11/24/2018 23:19:10 PAGE 2   

  53          /**
  54          *延时函数： 延时10us
  55          */
  56          void  Delay_10us(void)
  57          {
  58   1          U8 i;
  59   1          i--;
  60   1          i--;
  61   1          i--;
  62   1          i--;
  63   1          i--;
  64   1          i--;
  65   1      }
  66          
  67          /**
  68          *延时函数： 延时13us
  69          */
  70          void delay13us()
  71          {
  72   1          U8 i;
  73   1          i--;
  74   1          i--;
  75   1          i--;
  76   1          i--;
  77   1          i--;
  78   1          i--;
  79   1          i--;
  80   1          i--;
  81   1      }
  82          
  83          /**
  84          *根据时序计算温湿度值
  85          */
  86          U8 computeData()
  87          {
  88   1          U8 i,U8comdata;
  89   1          for(i=0; i<8; i++)
  90   1          {
  91   2              while(P2_0==0);       //等待54us低电平
  92   2              Delay_10us();         //延时30us确认高电平是否结束
  93   2              Delay_10us();
  94   2              Delay_10us();
  95   2              U8temp=0;
  96   2              if(P2_0==1)           //如果高电平高过预定0高电平
  97   2              {   //值则数据位为 1
  98   3                  U8temp=1;
  99   3              }
 100   2              while(P2_0==1);     //等待高电平结束
 101   2              U8comdata<<=1;
 102   2              U8comdata|=U8temp;
 103   2          }
 104   1          return U8comdata;
 105   1      }
 106          
 107          //--------------------------------
 108          //-----湿度读取子程序 ------------
 109          //--------------------------------
 110          //----以下变量均为全局变量--------
 111          //----温度高8位== temperature_H------
 112          //----温度低8位== temperature_L------
 113          //----湿度高8位== humidity_H-----
 114          //----湿度低8位== humidity_L-----
C51 COMPILER V9.54   MAIN                                                                  11/24/2018 23:19:10 PAGE 3   

 115          //----校验 8位 == checkdata-----
 116          //--------------------------------
 117          void readData()
 118          {
 119   1          U8  humidity_H_temp,humidity_L_temp,temperature_H_temp,temperature_L_temp,checkdata_temp;
 120   1          //主机拉低不少于18ms
 121   1          P2_0=0;
 122   1          delayms(20);
 123   1          //总线由上拉电阻拉高 主机延时13us最多20us 等待DHT11低电平响应
 124   1          P2_0=1;
 125   1          delay13us();
 126   1          //判断从机是否有低电平响应信号
 127   1          if(P2_0==0)
 128   1          {
 129   2              while(P2_0==0);       //判断DHT11发出 83us 的低电平响应信号是否结束
 130   2              while(P2_0==1);       //判断DHT11发出 87us 的高电平是否结束
 131   2              //数据接收状态
 132   2              humidity_H_temp = computeData();
 133   2              humidity_L_temp = computeData();
 134   2              temperature_H_temp = computeData();
 135   2              temperature_L_temp = computeData();
 136   2              checkdata_temp = computeData();
 137   2              P2_0 = 1;   //data拉高释放总线
 138   2              //数据校验
 139   2              if(checkdata_temp = humidity_H_temp + humidity_L_temp + temperature_H_temp + temperature_L_temp)
 140   2              {
 141   3                  humidity_H = humidity_H_temp;
 142   3                  humidity_L = humidity_L_temp;
 143   3                  temperature_H = temperature_H_temp;
 144   3                  temperature_L = temperature_L_temp;
 145   3                  checkdata = checkdata_temp;
 146   3              }
 147   2          }
 148   1      
 149   1      }
 150          
 151          //----------------------------------------------
 152          //main()功能描述:  STC89C52RC  11.0592MHz   串口发送温湿度数据,波特率 9600
 153          //----------------------------------------------
 154          void main()
 155          {
 156   1          U8  i;
 157   1          TMOD=0x20;    //定时器1工作在方式2
 158   1          TH1 = 0xfd;   //波特率9600
 159   1          TL1 = 0xfd;
 160   1          SM0=0;        //串口工作在方式1
 161   1          SM1=1;
 162   1          EA = 1;       //开总中断
 163   1          REN = 1;      //使能串口
 164   1          TR1 = 1;      //定时器1开始计时
 165   1          delayms(1000);
 166   1        sendString("AT+CWMODE=2\r\n");    //ap模式
 167   1        delayms(1000);  
 168   1        sendString("AT+CIPMUX=1\r\n");    //允许多连接
 169   1        delayms(1000);  
 170   1        sendString("AT+CIPSERVER=1\r\n"); //建立TCP Server
 171   1        delayms(1000);
 172   1          ES = 1;       //开串口中断
 173   1        
 174   1          while(1)
 175   1          {
 176   2              //调用温湿度读取子程序
C51 COMPILER V9.54   MAIN                                                                  11/24/2018 23:19:10 PAGE 4   

 177   2              readData();
 178   2              str[0]=humidity_H;
 179   2              str[1]=humidity_L;
 180   2              str[2]=temperature_H;
 181   2              str[3]=temperature_L;
 182   2              str[4]=checkdata;
 183   2              //发送到串口
 184   2              delayms(2);         //发送温度数据
 185   2              sendString( "AT+CIPSTART=1,\"TCP\",\"192.168.4.2\",5000\r\n");
 186   2              delayms(2);
 187   2              sendString("AT+CIPSEND=1,5\r\n");
 188   2              delayms(2);
 189   2              for(i=0; i<5; i++)
 190   2              {
 191   3                  sendOneChar(str[i]);
 192   3              }
 193   2              //读取模块数据周期不易小于 2S
 194   2              delayms(2000);
 195   2          }
 196   1          
 197   1      
 198   1      }
 199          


MODULE INFORMATION:   STATIC OVERLAYABLE
   CODE SIZE        =    324    ----
   CONSTANT SIZE    =    103    ----
   XDATA SIZE       =   ----    ----
   PDATA SIZE       =   ----    ----
   DATA SIZE        =     11       2
   IDATA SIZE       =   ----    ----
   BIT SIZE         =   ----    ----
END OF MODULE INFORMATION.


C51 COMPILATION COMPLETE.  0 WARNING(S),  0 ERROR(S)
